23493319



23712719



24877659



25096419



25572458



26121309



26420829



26530709



26848079



27048739



27134359



27949789



28125139



28316189



29024419



29733719



30678576



31136319



32243269



32530269



32530829



32616638



32624819



32706849



32869699



33445058



33665929



33856669



33941249



34371069



34525049



34751679



34781509



34795769



34848769



35012919



35168899



35171509



35285319



35403329



35479669



35509269



35738699



35774179



36065329



36066209



36182949



36186929



36240689



36465249



36574359



36598319



36662619



36778179



36781439



36800719



36875489



36898539



36940319



36953899



37105569



37251879



37262929



37327589



37388769



37392999



37403419



37457449



37524069



37843959



37857479



38021438



38032369



38104379



38106389



38122939



38181109



38305959



38325779



38326379



38428938



38467399



38537369



38688299



38758759



38784719



38914839



39039439



39086229



39088919



39144559



39194499



39206799



39233689



39253649



39299769



39342149



39367169



39396159



39450909



39459119



39461859



39474759



39476609



39619919



39624649



39660649



39683409



39716579



39779929



39789359



39900269



39901849



40048339



40092179



40107159



40208999



40261879



40300229



40350779



40362819



40375409



40376849



40383269



40386349



40389169



40400469



40495979



40499359



40518049



40718009



40723199



40900409



40927599



40947189



40947969



40954709



41271099



41368579



41633359



42021879



42089539



42296499



42435749



42652089



42800359



42860569



42900279



42928119



42928139



42928169



43098889



43120209



43142899



43188229



43300609



43731559



46016108



46484238



48409238



49063778



50124588



50877628



51201688



51825688



53019608



53035888



53497768



53535728



53812788



54013558



23141629

23848069

23888369

24059089

24081499

24197309

24223259

24370279

24444099

24777779

25170409

25522319

25677409

26317989

26931789

27602149

27699049

27897299

28778649

28792779

28940679

29068709

29133999

29150649

29177269

29218239

29297529

29319309

29434609

29447729

29448929

29481889

29507129

29579839

29665239

29690199

29813339

29994419

30000059

30088639

30143999

30227079

30290429

30370219

30376969

30417139

30496629

30538339

30627659

30766189

30851469

30859089

30877279

30906029

30972759

30986479

30987979

31011249

31094099

31126329

31130879

31172579

31174369

31177589

31188979

31252839

31326659

31333059

31353019

31401219

31445929

31484889

31497799

31515509

31543529

31552049

31615559

31621239

31646049

31795899

31801629

31825319

31839629

31865169

31881329

31889109

31915049

31973109

32040179

32063959

32111809

32173439

32174549

32238359

32304529

32323939

32377889

32443909

32454779

32457019

32464169

32465119

32526539

32544459

32548639

32592119

32667819

32697599

32726449

32728019

32746749

32768539

32771789

32951589

32970069

33012569

33036199

33041609

33098979

33106169

33116889

33224669

33226339

33236479

33277939

33298989

33305159

33331759

33385699

33410579

33415149

33438739

33455699

33466569

33596529

33597779

33660799

33665039

33701039

33732509

33787829

33789319

33802539

33806669

33828639

33831399

33836369

33844129

33853229

33886339

33912669

33948259

33965439

33975629

34029959

34044989

34048969

34078349

34085299

34086009

34103629

34127349

34221549

34228279

34247299

34260919

34277729

34305249

34336269

34459659

34474009

34475339

34489609

34527159

34545669

34554999

34580269

34583999

34587469

34596959

34600049

34632709

34632779

34641869

34653429

34664089

34697979

34705079

34715629

34726939

34729829

34743179

34753169

34831569

34837639

34869849

34879509

34880429

34897449

34926139

34948009

34959799

34961909

34971429

34972689

35008389

35010049

35013289

35055149

35066429

35079739

35118739

35139389

35149889

35153749

35153899

35173669

35180689

35194839

35196539

35214809

35216779

35222019

35226189

35226449

35240919

35254359

35263699

35288959

35294399

35333299

35333529

35339539

None

35348869

35357039

35370319

35405799

35409399

35414109

35414549

35416869

35418609

35426159

35428919

35437479

35444069

35445559

35456889

35463969

35468429

35471219

35497049

35515609

35531089

35535579

35574479

35574659

35591299

35631449

35643959

35656599

35660129

35684219

35698689

35703619

35711559

35712859

35714349

35732349

35747889

35752539

35764329

35781449

35795329

35807789

35819889

35835439

35836169

35838319

35840099

35866009

35891049

35895449

35898789

35902059

35911749

35920309

35926729

35934249

35939829

35942509

35942759

35983559

35991989

35995949

36001669

36001899

36006778

36010199

36015629

36025419

36035549

36036149

36041299

36043939

36057398

36061199

36072129

36074679

36102349

36132959

36143509

36149779

36151729

36163209

36166859

36173539

36188289

36195059

36195889

36222899

36223029

36233769

36239279

36245309

36247079

36249139

36260929

36287369

36300799

36301729

36313619

36316069

36338389

36348349

36369319

36370929

36375029

36377399

36383189

36385159

36386149

36388289

36397669

36398519

36401499

36432099

36457969

36460929

36463869

36466989

36467569

36496569

36497389

36502759

36504499

36529079

36554939

36570799

36579909

36599939

36603589

36608849

36615689

36621449

36642399

36644599

36650249

36655519

36661809

36674929

36675099

36683639

36686659

36708949

36715779

36721359

36732159

36736919

36739529

36741709

36749229

36768609

36771159

36795449

36795699

36799089

36825229

36847399

36851459

36866619

36867749

36874629

36880169

36883199

36889449

36893849

36904729

36915389

36919029

36920579

36923379

36925959

36932079

36932869

36935409

36938069

36939979

36954819

36956419

36960709

36962309

36971519

36971789

36975759

36982879

36984099

36989229

36993509

36999399

37000879

37014889

37017989

37020189

37023239

37026779

37030639

37033139

37036489

37036959

37045569

37048629

37049899

37052599

37056269

37062899

37063439

37070169

37077729

37087819

37089249

37091609

37095059

37110859

37113069

37116099

37117399

37117669

37120669

37125559

37131129

37132219

37133649

37136389

37142799

37169099

37171809

37178789

37183389

37187699

37188889

37191479

37194519

37209069

37209689

37237459

37256569

37256749

37267709

37273869

37278379

37279139

37280129

37290339

37304519

37307699

37308629

37313569

37314119

37318179

37320089

37334439

37342539

37344049

37346319

37348459

37351169

37353519

37357469

37359999

37363549

37364139

37365989

37367879

37380279

37388089

37388439

37389449

37390989

37398759

37410779

37453389

37453499

37455379

37455559

37459619

37469759

37472199

37473629

37478879

37491289

37494349

37498609

37503319

37515149

37518159

37518579

37536899

37539479

37543469

37560129

37570569

37573279

37578959

37584029

37585669

37586609

37594569

37597089

37598369

37598409

37599559

37600599

37627069

37628769

37630169

37634039

37639439

37640269

37640499

37640799

37643269

37643779

37647139

37647409

37648229

37648919

37654819

37660719

37667029

37672779

37672879

37674109

37680759

37683019

37687929

37689169

37690809

37691919

37696919

37703429

37706189

37710769

37712609

37715799

37717129

37728479

37728519

37733019

37739329

37741779

37744459

37751149

37788569

37790279

37790469

37791229

37796529

37797959

37800219

37804289

37805679

37816099

37825609

37842739

37855539

37857419

37860499

37861569

37869699

37872559

37872999

37874249

37885569

37888049

37892729

37904489

37911159

37930659

37930719

37934579

37935869

37935929

37936639

37940669

37941469

37947509

37949799

37955119

37989849

37996319

38017069

38017619

38034129

38039109

38054399

38059859

38068829

38079669

38081069

38086009

38090739

38097849

38107369

38112089

38113569

38119939

38120029

38120969

38123019

38126449

38130009

38131399

38136019

38139009

38144589

38146459

38156429

38162899

38168499

38176109

38183749

38190039

38194469

38199929

38206299

38210839

38212199

38213469

38214719

38217349

38219099

38243399

38249829

38254709

38262739

38277849

38280799

38283689

38289399

38290009

38290649

38296679

38296729

38297509

38298149

38299449

38310079

38325569

38344139

38344749

38357169

38363299

38364919

38378819

38396649

38401989

38411959

38413579

38415619

38415819

38427729

38429409

38444749

38455279

38459479

38461149

38465449

38472109

38476029

38484339

38486779

38493239

38497289

38503279

38524349

38537729

38543459

38544589

38545349

38546609

38548079

38549009

38549569

38552579

38573639

38578829

38593189

38600759

38606359

38615419

38618159

38624099

38634509

38637199

38655359

38661479

38662659

38668469

38682109

38684259

38694889

38699009

38699529

38700019

38703409

38712329

38715529

38719079

38726799

38733989

38742059

38755709

38761059

38761299

38769569

38771989

38778439

38781029

38781929

38782419

38782939

38786849

38797369

38798159

38807039

38807999

38823459

38836049

38837179

38838799

38840159

38856139

38857399

38859559

38860699

38882379

38884429

38889568

38891249

38892299

38907349

38908379

38918409

38920399

38922309

38929389

38948829

38951629

38984879

38985369

38987929

38991989

38994269

38997679

39001299

39002649

39005929

39007789

39017239

39018199

39024039

39027619

39033899

39039139

39044099

39046509

39050269

39050869

39051869

39055069

39056259

39058169

39059769

39067189

39068389

39080049

39091399

39093999

39096589

39112339

39112599

39115579

39119559

39137189

39138349

39140189

39140949

39141089

39150719

39159369

39162669

39164509

39177579

39184509

39186179

39186569

39190709

39193429

39193989

39195749

39195999

39207109

39208759

39214179

39214659

39224109

39236689

39236879

39243569

39256529

39269089

39296669

39304509

39305239

39305689

39316549

39318069

39321179

39325309

39330879

39331589

39333069

39335059

39353059

39354359

39366009

39366229

39371219

39371639

39375539

39376429

39386689

39390159

39390449

39393579

39394009

39404399

39407119

39414229

39441469

39446359

39448409

39449829

39451209

39451529

39457269

39460639

39464489

39468739

39475969

39479329

39480269

39494479

39505129

39506609

39508699

39518339

39525979

39529499

39536759

39539339

39539859

39564949

39579039

39580139

39580289

39580859

39585329

39587609

39589999

39591109

39591819

39609629

39610689

39611179

39616079

39620479

39627339

39637969

39639579

39651759

39656589

39668459

39702579

39741529

39742849

39744469

39745619

39754719

39761219

39773639

39776189

39780269

39788079

39791769

39808429

39820039

39866589

39870639

39903209

39918229

39920679

39935449

39936109

39943129

39944299

39946369

39948459

39949169

39955359

39958669

39960659

39960969

39963489

39967919

39978839

39985669

39994999

40003139

40003249

40029079

40030739

40040579

40043949

40051869

40051989

40083859

40103019

40112729

40116609

40144209

40144779

40147739

40193089

40202089

40203179

40222729

40231499

40232869

40238359

40253809

40262729

40287899

40299119

40304489

40329929

40331789

40332039

40332069

40334529

40336749

40345639

40359349

40362919

40377379

40377569

40391959

40410679

40414989

40457989

40459269

40493549

40495589

40525479

40537099

40540449

40542449

40544399

40568659

40588169

40591949

40606119

40625209

40655829

40666769

40670369

40711439

40715889

40724979

40839229

40870189

40878219

40902719

40977089

40990109

41312829

41376159

41423109

41449229

41451639

41517619

41579229

41579789

41596199

41621779

41751418

41773979

41820119

41824859

41833819

41850809

41916809

41917819

42031159

42031589

42044979

42068539

42112689

42155179

42177969

42178039

42182649

42184559

42235688

42391249

42496369

42505039

42522819

42557699

42610189

42638108

42652899

42715179

42738999

42769459

42890719

42995538

43073959

43082619

43138109

43139359

43182448

43189569

43287429

43372889

43422349

43449598

43500729

43662829

43724509

43857758

44631948

45130188

46753608

46798938

47052888

47257938

47623508

47851718

47876638

48067788

48099808

48627688

48817728

48921408

49122828

49692268

49702918

50129988

50225498

51090298

51394708

51901678

51902558

52661908

53768498

53861498

54376858

54635168

54980098

55599558

55669478

55832448

56141328

56168598

56199308

56687698

56729158

56779988

56791118

56815648

56911268

57030298

57486598

24992779

26514019

28373258

31481459

31852839

31894329

32866419

33439459

33739359

33872129

34200099

34208809

34352979

34577519

34902849

34939849

35078939

35171989

35349039

35385519

35413409

35595369

35646429

35783789

35929099

36012869

36102829

36182659

36200339

36284529

36290469

36359629

36364899

36377329

36446839

36517159

36603809

36630859

36828809

36834409

36929279

36989179

37070369

37083359

37118409

37130769

37209739

37233299

37259849

37356489

37362639

37364779

37390499

37538999

37626139

37640849

37671149

37786109

37860289

37866009

37939769

37983719

38011289

38016259

38118719

38147679

38171409

38322859

38358059

38412519

38414029

38476059

38499509

38550799

38616829

38740359

38746059

38759909

38854269

38856759

38879959

38981979

38997319

39080739

39087209

39115349

39138359

39140409

39162289

39164639

39175039

39186129

39228849

39245979

39253899

39293699

39296509

39305869

39333439

39389499

39440909

39442879

39444969

39470509

39473109

39525899

39577889

39638569

39855729

39856669

39936469

39992449

40001029

40005799

40116739

40133549

40177369

40193779

40242509

40256409

40256559

40311269

40318079

40356729

40395539

40402909

40415629

40518979

40521889

40527299

40535109

40544229

40568829

40596779

40658889

40738359

40745519

40755119

40766829

40770729

40851849

40885539

40886079

40903069

40949199

41027399

41212109

41217429

41220299

41275929

41471609

41729699

41814629

42203429

42291519

42310799

42340559

42346809

42525039

42530179

42540769

42645689

42766319

42906718

43123579

43189729

43235309

43372379

43401789

43471269

43758199

51016208

52676378

54440098

56092418

56878898

23155708

23493319

23712719

24877659

25096419

25572458

26121309

26420829

26530709

26848079

27048739

27134359

27949789

28125139

28316189

28582129

29024419

29733719

30678576

30749949

32243269

32530269

32530829

32616638

32624819

32706849

32869699

33194419

33445058

33665929

33856669

33941249

34371069

34525049

34751679

34781509

34795769

34848769

35012919

35168899

35171509

35285319

35403329

35479669

35509269

35559949

35738699

35774179

36065329

36066209

36182949

36186929

36240689

36465249

36574359

36598319

36662619

36778179

36781439

36800719

36875489

36898539

36940319

36953899

37105569

37251879

37262929

37327589

37388769

37392999

37403419

37457449

37524069

37790338

37843959

37857479

38021438

38032369

38104379

38106389

38122939

38181109

38305959

38325779

38326379

38428938

38467399

38537369

38688299

38758759

38784719

38914839

39039439

39086229

39088919

39144559

39194499

39206799

39233689

39253649

39299769

39342149

39367169

39396159

39450909

39459119

39461859

39474759

39476609

39619919

39624649

39660649

39683409

39716579

39779929

39789359

39900269

39901849

40048339

40092179

40107159

40208999

40261879

40300229

40350779

40362819

40375409

40376849

40383269

40386349

40389169

40400469

40495979

40499359

40518049

40718009

40723199

40900409

40927599

40947189

40947969

40954709

41271099

41368579

41633359

42021879

42089539

42296499

42435749

42652089

42800359

42860569

42900279

42928119

42928139

42928169

43098889

43120209

43142899

43188229

43300609

43731559

44577668

46016108

46484238

48409238

49063778

50124588

50877628

51201688

51825688

53019608

53035888

53497768

53535728

53812788

54013558

54329358

23441879

23524649

23558259

23614489

24736679

25276309

25630109

26071819

26291189

26405649

26622619

27113469

27405549

27465929

28094979

28172099

28316879

28635789

28658129

28756729

28908729

29191809

29512529

29776329

30045209

30058039

30319499

30428159

30638229

30786949

30793809

30804309

30833939

30836099

30860449

31108359

31274409

31290369

31301649

31392729

31406549

31532709

31848189

31907349

31992119

32119419

32414079

32449909

32467139

32625019

32634789

32702039

32703229

32708899

32730969

32733749

32733859

32811839

32825709

32855967

32870189

32878079

32967619

32983909

32988029

33024209

33104549

33119249

33147029

33174179

33218479

33244779

33256669

33283289

33401069

33406299

33472949

33527809

33569209

33695099

33717189

33740559

33759449

33851119

33858579

33866569

33884829

33901759

33907799

33927179

33932999

33946219

33968149

33992029

34000999

34042099

34045789

34125899

34168109

34196868

34200659

34220469

34382519

34459429

34489229

34556639

34570459

34605329

34611699

34622569

34641929

34721939

34731959

34734389

34762279

34778249

34800579

34804739

34815269

34822729

34834239

34837369

34837459

34875009

34885969

34895819

34902889

34908579

34928859

34950069

34958789

34999069

35024629

35041859

35047859

35087629

35095819

35136039

35139289

35166769

35290659

35309379

35318199

35355809

35363889

35373579

35419379

35420959

35426659

35428769

35488269

35501399

35567309

35573399

35587709

35625079

35632619

35640049

35673799

35722189

35772409

35809369

35946579

35974969

35990009

36020419

36032509

36035539

36053879

36071609

36078839

36090009

36108119

36137509

36181729

36199579

36202429

36212859

36224929

36260099

36292979

36311319

36316799

36329679

36336879

36357709

36396369

36430629

36433589

36436309

36438969

36443409

36460329

36463089

36471529

36473719

36477209

36483449

36487879

36495569

36495629

36553229

36573139

36605109

36617779

36633429

36661459

36688139

36704229

36706689

36712249

36713199

36723549

36729419

36765299

36771729

36773959

36816589

36827529

36849719

36850509

36866889

36893149

36893429

36908729

36930879

36949139

36950559

36953219

36956339

36962679

36977659

36993359

37031619

37038089

37055029

37058889

37074049

37086129

37087439

37088679

37092779

37098539

37180119

37180909

37191019

37196289

37200459

37223049

37235689

37265149

37265839

37312459

37327149

37329499

37341499

37357949

37378959

37392769

37412679

37433119

37464249

37464689

37467969

37468149

37481009

37489539

37492179

37513739

37523239

37523969

37524249

37524339

37547279

37562859

37577599

37598749

37631169

37639349

37644469

37655349

37657509

37659449

37687199

37697329

37710129

37728279

37736589

37753589

37789989

37800529

37808239

37814629

37816939

37832529

37846609

37855609

37855629

37860379

37879629

37896869

37940949

37942759

37945679

37946089

37947309

37962489

37962629

37965449

37977539

37978119

37978559

37980939

38004359

38006749

38019149

38021979

38026649

38034359

38061699

38080809

38087259

38095169

38106279

38107099

38113879

38125179

38128629

38133519

38136849

38149889

38150899

38162529

38167569

38168019

38168539

38185929

38188229

38213849

38253889

38260709

38270599

38298739

38312999

38326879

38328069

38343559

38347419

38365799

38398559

38403079

38426299

38445939

38474709

38486289

38497789

38521439

38554789

38561919

38562729

38569879

38572829

38576519

38578819

38582529

38587099

38592809

38595239

38609249

38623799

38630079

38630099

38637599

38677929

38682709

38696419

38780629

38785089

38818719

38836399

38863479

38867419

38890639

38906629

38906689

38911649

38923549

38937019

38940629

38946969

38980469

38983379

38984249

38984749

38996789

39002669

39004639

39031689

39033949

39051909

39054929

39056019

39071259

39077209

39079699

39087149

39087949

39102649

39142009

39146149

39147439

39156179

39176949

39183899

39189959

39198709

39201349

39221209

39223559

39233329

39251039

39290019

39293219

39308179

39324379

39327269

39339349

39339569

39356549

39367689

39371209

39397449

39401599

39432239

39444179

39461109

39467879

39476989

39479099

39489329

39495569

39502729

39511859

39514469

39525189

39529349

39529929

39530689

39542719

39565449

39573709

39577259

39581399

39584849

39588549

39590049

39593949

39594369

39594439

39600789

39616029

39619499

39624389

39627929

39633719

39643439

39658779

39660229

39665219

39668829

39671089

39674739

39684869

39684909

39701559

39717499

39743269

39761399

39766439

39766999

39771179

39787249

39787259

39791439

39814659

39833839

39837409

39840189

39846929

39853039

39856789

39860809

39901659

39911829

39922009

39922059

39922549

39924889

39928339

39950229

39954959

39961459

39974969

39987169

39995609

40014619

40044489

40050009

40055129

40071979

40073269

40078309

40086399

40087109

40093679

40098009

40102789

40105269

40114669

40135469

40137449

40150649

40166319

40188189

40190309

40199459

40212069

40248809

40254759

40264139

40275579

40277569

40281829

40283659

40286099

40286919

40289719

40290719

40295189

40305149

40333519

40333799

40333899

40335319

40337569

40340729

40345999

40347699

40354499

40357389

40360439

40362319

40368089

40378399

40390819

40392109

40416739

40435109

40437099

40452139

40458539

40466249

40471449

40493759

40505189

40509719

40513789

40518459

40519459

40533969

40554999

40577959

40601349

40607019

40610589

40628859

40678859

40727859

40767019

40839339

40863409

40946059

40946099

40952199

40976749

40992109

40993469

40996679

40996909

41020589

41102419

41173289

41375179

41440899

41465189

41467579

41563609

41564059

41599289

41806949

41808079

41879069

42035889

42036549

42037789

42163319

42179569

42180009

42180209

42180489

42220619

42241689

42295119

42298039

42299159

42363499

42368819

42403839

42404209

42412649

42417909

42480489

42549929

42607489

42612099

42680409

42709159

42724329

42765659

42795899

42812639

42813999

42814749

42850959

42902199

42944169

42947089

42980949

43003309

43094399

43094629

43094899

43100479

43105239

43119309

43134729

43146499

43166339

43397199

43397369

43397769

43397899

43407019

43414949

43472429

43550939

43555529

43556119

43556509

43610879

43700499

43788789

46295008

46437858

46943338

48879688

48898168

50252208

53005678

53611938

53690148

55300448

56102018

56126238

23141629
23848069
23888369
24059089
24081499
24197309
24223259
24370279
24444099
24777779
25170409
25522319
25677409
26317989
26931789
27602149
27699049
27897299
28778649
28792779
28940679
29068709
29133999
29150649
29177269
29218239
29297529
29319309
29434609
29447729
29448929
29481889
29507129
29579839
29665239
29690199
29813339
29994419
30000059
30088639
30143999
30227079
30290429
30370219
30376969
30417139
30496629
30538339
30627659
30766189
30851469
30859089
30877279
30906029
30972759
30986479
30987979
31011249
31094099
31126329
31130879
31172579
31174369
31177589
31188979
31252839
31326659
31333059
31353019
31401219
31445929
31484889
31497799
31515509
31543529
31552049
31615559
31621239
31646049
31795899
31801629
31825319
31839629
31865169
31881329
31889109
31915049
31973109
32040179
32063959
32111809
32173439
32174549
32238359
32304529
32323939
32377889
32443909
32454779
32457019
32464169
32465119
32526539
32544459
32548639
32592119
32667819
32697599
32726449
32728019
32746749
32768539
32771789
32951589
32970069
33012569
33036199
33041609
33098979
33106169
33116889
33224669
33226339
33236479
33277939
33298989
33305159
33331759
33385699
33410579
33415149
33438739
33455699
33466569
33596529
33597779
33660799
33665039
33701039
33732509
33787829
33789319
33802539
33806669
33828639
33831399
33836369
33844129
33853229
33886339
33912669
33948259
33965439
33975629
34029959
34044989
34048969
34078349
34085299
34086009
34103629
34127349
34221549
34228279
34247299
34260919
34277729
34305249
34336269
34459659
34474009
34475339
34489609
34527159
34545669
34554999
34580269
34583999
34587469
34596959
34600049
34632709
34632779
34641869
34653429
34664089
34697979
34705079
34715629
34726939
34729829
34743179
34753169
34831569
34837639
34869849
34879509
34880429
34897449
34926139
34948009
34959799
34961909
34971429
34972689
35008389
35010049
35013289
35055149
35066429
35079739
35083439
35118739
35139389
35149889
35153749
35153899
35173669
35180689
35194839
35196539
35214809
35216779
35222019
35226189
35226449
35240919
35254359
35263699
35288959
35294399
35333299
35333529
35339539
None
35348869
35357039
35370319
35405799
35409399
35414109
35414549
35416869
35418609
35426159
35428919
35437479
35444069
35445559
35456889
35463969
35468429
35471219
35497049
35515609
35531089
35535579
35574479
35574659
35591299
35631449
35643959
35656599
35660129
35684219
35698689
35703619
35711559
35712859
35714349
35732349
35752539
35764329
35781449
35795329
35807789
35819889
35835439
35836169
35838319
35840099
35866009
35891049
35895449
35898789
35902059
35911749
35920309
35926729
35934249
35939829
35942509
35942759
35983559
35991989
35995949
36001669
36001899
36006778
36010199
36015629
36025419
36035549
36036149
36041299
36043939
36057398
36061199
36072129
36074679
36102349
36132959
36143509
36149779
36151729
36163209
36166859
36173539
36188289
36195059
36195889
36222899
36223029
36233769
36239279
36245309
36247079
36249139
36260929
36287369
36300799
36301729
36313619
36316069
36338389
36348349
36369319
36370929
36375029
36377399
36383189
36385159
36386149
36388289
36397669
36398519
36401499
36432099
36457969
36460929
36463869
36466989
36467569
36496569
36497389
36502759
36504499
36529079
36554939
36570799
36579909
36599939
36603589
36608849
36615689
36621449
36642399
36644599
36650249
36655519
36661809
36674929
36675099
36683639
36686659
36708949
36715779
36721359
36732159
36736919
36739529
36741709
36749229
36768609
36771159
36795449
36795699
36799089
36825229
36847399
36851459
36866619
36867749
36874629
36880169
36883199
36889449
36893849
36904729
36915389
36919029
36920579
36923379
36925959
36932079
36932869
36935409
36938069
36939979
36954819
36956419
36960709
36962309
36971519
36971789
36975759
36982879
36984099
36989229
36993509
36999399
37000879
37014889
37017989
37020189
37023239
37026779
37030639
37033139
37036489
37036959
37045569
37048629
37049899
37052599
37056269
37062899
37063439
37070169
37077729
37087819
37089249
37091609
37095059
37108019
37110859
37113069
37116099
37117399
37117669
37120669
37125559
37131129
37132219
37133649
37136389
37142799
37169099
37171809
37178789
37183389
37187699
37188889
37191479
37194519
37209069
37209689
37237459
37256569
37256749
37267709
37273869
37278379
37279139
37280129
37290339
37304519
37307699
37308629
37313569
37314119
37318179
37320089
37334439
37342539
37344049
37346319
37348459
37351169
37353519
37357469
37359999
37363549
37364139
37365989
37367879
37380279
37388089
37388439
37389449
37390989
37398759
37410779
37453389
37453499
37455379
37455559
37459619
37469759
37472199
37473629
37478879
37491289
37494349
37498609
37503319
37515149
37518159
37518579
37536899
37539479
37543469
37560129
37570569
37573279
37578959
37584029
37585669
37586609
37594569
37597089
37598369
37598409
37599559
37600599
37627069
37628769
37630169
37634039
37639439
37640269
37640499
37640799
37643269
37643779
37647139
37647409
37648229
37648919
37654819
37660719
37667029
37672779
37672879
37674109
37680759
37683019
37687929
37689169
37690809
37691919
37696919
37703429
37706189
37710769
37712609
37715799
37717129
37728479
37728519
37733019
37739329
37741779
37744459
37751149
37788569
37790279
37790469
37791229
37796529
37797959
37800219
37804289
37805679
37816099
37825609
37842739
37855539
37857419
37860499
37861569
37869699
37872559
37872999
37874249
37885569
37888049
37892729
37904489
37911159
37930659
37930719
37934579
37935869
37935929
37936639
37940669
37941469
37947509
37949799
37955119
37989849
37996319
38017069
38017619
38034129
38039109
38054399
38059859
38068829
38079669
38081069
38086009
38090739
38097849
38107369
38112089
38113569
38119939
38120029
38120969
38123019
38126449
38130009
38131399
38136019
38139009
38144589
38146459
38156429
38162899
38168499
38176109
38183749
38190039
38194469
38199929
38206299
38210839
38212199
38213469
38214719
38217349
38219099
38243399
38249829
38254709
38262739
38277849
38280799
38283689
38289399
38290009
38290649
38296679
38296729
38297509
38298149
38299449
38310079
38325569
38344139
38344749
38357169
38363299
38364919
38378819
38396649
38401989
38411959
38413579
38415619
38415819
38427729
38429409
38444749
38455279
38459479
38461149
38465449
38472109
38476029
38484339
38486779
38493239
38497289
38503279
38524349
38537729
38543459
38544589
38545349
38546609
38548079
38549009
38549569
38552579
38573639
38578829
38593189
38600759
38606359
38615419
38618159
38624099
38634509
38637199
38655359
38661479
38662659
38668469
38682109
38684259
38694889
38699009
38699529
38700019
38703409
38712329
38713319
38715529
38719079
38726799
38733989
38742059
38755709
38761059
38761299
38769569
38771989
38778439
38781029
38781929
38782419
38782939
38786849
38797369
38798159
38807039
38807999
38823459
38836049
38837179
38838799
38840159
38856139
38857399
38859559
38860699
38882379
38884429
38889568
38891249
38892299
38907349
38908379
38918409
38920399
38922309
38929389
38948829
38951629
38984879
38985369
38987929
38991989
38994269
38997679
39001299
39002649
39005929
39007789
39017239
39018199
39024039
39027619
39033899
39039139
39044099
39046509
39050269
39050869
39051869
39055069
39056259
39058169
39059769
39067189
39068389
39080049
39091399
39093999
39096589
39112339
39112599
39115579
39119559
39137189
39138349
39140189
39140949
39141089
39150719
39159369
39162669
39164509
39177579
39184509
39186179
39186569
39190709
39193429
39193989
39195749
39195999
39207109
39208759
39214179
39214659
39224109
39236689
39236879
39256529
39269089
39296669
39304509
39305239
39305689
39316549
39318069
39321179
39325309
39330879
39331589
39333069
39335059
39353059
39354359
39366009
39366229
39366529
39367609
39371219
39371639
39375539
39376429
39386689
39390159
39390449
39393579
39394009
39404399
39407119
39414229
39441469
39446359
39448409
39449829
39451209
39451529
39457269
39460639
39464489
39468739
39475969
39479329
39480269
39494479
39505129
39506609
39508699
39518339
39525979
39529499
39536759
39539339
39539859
39564949
39579039
39580139
39580289
39580859
39585329
39587609
39589999
39591109
39591819
39609629
39610689
39611179
39616079
39620479
39627339
39637969
39639579
39651759
39656589
39668459
39702579
39722939
39741529
39742849
39744469
39745619
39754719
39761219
39763619
39773639
39776189
39780269
39788079
39791769
39808429
39820039
39866589
39870639
39903209
39918229
39920679
39935449
39936109
39943129
39944299
39946369
39948459
39949169
39955359
39958669
39960659
39960969
39963489
39967919
39978839
39985669
39994999
40003139
40003249
40029079
40030739
40040579
40043949
40051869
40051989
40081959
40083859
40103019
40112729
40116609
40144209
40144779
40147739
40193089
40202089
40203179
40222729
40231499
40232869
40238359
40253809
40262729
40287899
40299119
40304489
40329929
40331789
40332039
40332069
40334529
40336749
40345639
40359349
40362919
40377379
40377569
40391959
40410679
40414989
40457989
40459269
40493549
40495589
40525479
40537099
40540449
40542449
40544399
40568659
40588169
40591949
40606119
40625209
40655829
40666769
40670369
40711439
40715889
40724979
40839229
40870189
40878219
40902719
40977089
40990109
41122589
41312829
41376159
41380479
41423109
41449229
41451639
41517619
41579229
41579789
41596199
41621779
41751418
41773979
41820119
41824859
41833819
41850809
41916809
41917819
42031159
42031589
42044979
42055939
42057039
42058639
42068539
42112689
42155179
42177969
42178039
42182649
42184559
42235688
42391249
42496369
42505039
42522819
42557699
42610189
42638108
42652899
42715179
42738999
42769459
42890719
42995538
43073959
43082619
43138109
43139359
43182448
43189569
43287429
43372889
43422349
43449598
43662829
43724509
43857758
44631948
45130188
46753608
46798938
47052888
47257938
47623508
47851718
47876638
48067788
48099808
48627688
48817728
48921408
49122828
49692268
49702918
50129988
50225498
51090298
51394708
51901678
51902558
52661908
53768498
53861498
54376858
54635168
54980098
55599558
55669478
55832448
56141328
56168598
56199308
56687698
56729158
56779988
56791118
56815648
56911268
57030298
57486598
24992779
26514019
28373258
31481459
31852839
31894329
32866419
33439459
33739359
33872129
34200099
34208809
34352979
34577519
34902849
34939849
35078939
35171989
35349039
35385519
35413409
35595369
35646429
35783789
35929099
36012869
36102829
36182659
36200339
36284529
36290469
36359629
36364899
36377329
36446839
36517159
36603809
36630859
36828809
36834409
36929279
36989179
37070369
37083359
37118409
37130769
37209739
37233299
37259849
37356489
37362639
37364779
37390499
37538999
37626139
37640849
37671149
37786109
37860289
37866009
37939769
37983719
38011289
38016259
38118719
38147679
38171409
38322859
38358059
38412519
38414029
38476059
38499509
38550799
38616829
38740359
38746059
38759909
38854269
38856759
38879959
38981979
38997319
39080739
39087209
39115349
39138359
39140409
39162289
39164639
39175039
39186129
39228849
39245979
39253899
39293699
39296509
39305869
39333439
39389499
39440909
39442879
39444969
39470509
39473109
39525899
39577889
39638569
39855729
39856669
39936469
39992449
40001029
40005799
40116739
40133549
40177369
40193779
40242509
40256409
40256559
40311269
40318079
40356729
40395539
40402909
40415629
40518979
40521889
40527299
40535109
40544229
40568829
40596779
40658889
40738359
40745519
40755119
40766829
40770729
40851849
40885539
40886079
40903069
40949199
41027399
41212109
41217429
41220299
41275929
41471609
41534679
41729699
41814629
42203429
42291519
42310799
42340559
42346809
42530179
42540769
42645689
42766319
42906718
43123579
43189729
43235309
43372379
43401789
43471269
43758199
51016208
52676378
54440098
56092418
56878898
23155708
23493319
23712719
24877659
25096419
25572458
26121309
26420829
26530709
26848079
27048739
27134359
27949789
28125139
28316189
28582129
29024419
29733719
30678576
30749949
31136319
32243269
32530269
32530829
32563079
32616638
32624819
32706849
32869699
33194419
33445058
33665929
33856669
33941249
34371069
34525049
34751679
34781509
34795769
34848769
35012919
35168899
35171509
35285319
35403329
35479669
35509269
35559949
35738699
35774179
36065329
36066209
36182949
36186929
36240689
36465249
36574359
36598319
36662619
36778179
36781439
36800719
36875489
36898539
36940319
36953899
37105569
37251879
37262929
37327589
37388769
37392999
37403419
37457449
37524069
37790338
37843959
37857479
38021438
38032369
38104379
38106389
38122939
38181109
38305959
38325779
38326379
38428938
38467399
38537369
38688299
38758759
38784719
38818419
38914839
39039439
39086229
39088919
39144559
39194499
39206799
39233689
39253649
39299769
39342149
39367169
39396159
39450909
39459119
39461859
39474759
39476609
39619919
39624649
39660649
39683409
39716579
39779929
39789359
39900269
39901849
40048339
40092179
40107159
40208999
40261879
40300229
40350779
40362819
40375409
40376849
40383269
40386349
40389169
40400469
40495979
40499359
40518049
40718009
40723199
40900409
40927599
40947189
40947969
40954709
41271099
41368579
41633359
42021879
42089539
42091019
42296499
42398489
42435749
42652089
42800359
42860569
42900279
42928119
42928139
42928169
43098889
43120209
43142899
43188229
43270959
43300609
43731259
43731559
44009789
44577668
46016108
46484238
48409238
49063778
50124588
50877628
51201688
51825688
53019608
53035888
53497768
53535728
53812788
54013558
54329358
23441879
23524649
23558259
23614489
24736679
25276309
25630109
26071819
26291189
26405649
26622619
27113469
27405549
27465929
28094979
28172099
28316879
28635789
28658129
28756729
28908729
29191809
29512529
29776329
30045209
30058039
30319499
30428159
30638229
30786949
30793809
30804309
30833939
30836099
30860449
31108359
31274409
31290369
31301649
31392729
31406549
31532709
31848189
31907349
31992119
32119419
32414079
32449909
32467139
32625019
32634789
32702039
32703229
32708899
32730969
32733749
32733859
32811839
32825709
32855967
32870189
32878079
32967619
32983909
32988029
33024209
33104549
33119249
33147029
33174179
33218479
33244779
33256669
33283289
33401069
33406299
33472949
33527809
33569209
33695099
33717189
33740559
33759449
33851119
33858579
33866569
33884829
33901759
33907799
33927179
33932999
33946219
33968149
33992029
34000999
34042099
34045789
34125899
34168109
34196868
34200659
34220469
34382519
34459429
34489229
34556639
34570459
34605329
34611699
34622569
34641929
34721939
34731959
34734389
34762279
34778249
34800579
34804739
34815269
34822729
34834239
34837369
34837459
34875009
34885969
34895819
34902889
34908579
34928859
34950069
34958789
34999069
35024629
35041859
35047859
35087629
35095819
35136039
35139289
35166769
35290659
35309379
35318199
35355809
35363889
35373579
35419379
35420959
35426659
35428769
35488269
35501399
35567309
35573399
35587709
35625079
35632619
35640049
35673799
35722189
35772409
35809369
35946579
35974969
35990009
36020419
36032509
36035539
36053879
36071609
36078839
36090009
36108119
36137509
36181729
36199579
36202429
36212859
36224929
36260099
36292979
36311319
36316799
36329679
36336879
36357709
36396369
36430629
36433589
36436309
36438969
36443409
36460329
36463089
36471529
36473719
36477209
36483449
36487879
36495569
36495629
36553229
36573139
36605109
36617779
36633429
36661459
36688139
36704229
36706689
36712249
36713199
36723549
36729419
36765299
36771729
36773959
36816589
36827529
36849719
36850509
36866889
36893149
36893429
36908729
36930879
36949139
36950559
36953219
36956339
36977659
36993359
37031619
37038089
37055029
37058889
37074049
37086129
37087439
37088679
37092779
37098539
37180119
37180909
37191019
37196289
37200459
37223049
37235689
37265149
37265839
37312459
37327149
37329499
37341499
37357949
37378959
37392769
37412679
37433119
37464249
37464689
37467969
37468149
37481009
37489539
37492179
37513739
37523239
37523969
37524249
37524339
37547279
37562859
37577599
37598749
37631169
37639349
37644469
37655349
37657509
37659449
37687199
37697329
37710129
37728279
37736589
37753589
37789989
37800529
37808239
37814629
37816939
37832529
37846609
37855609
37855629
37860379
37879629
37896869
37940949
37942759
37945679
37946089
37947309
37962489
37962629
37965449
37977539
37978119
37980939
38004359
38006749
38019149
38021979
38026649
38034359
38061699
38080809
38087259
38095169
38106279
38107099
38113879
38125179
38128629
38133519
38136849
38149889
38150899
38162529
38167569
38168019
38168539
38185929
38188229
38213849
38253889
38260709
38270599
38298739
38312999
38326879
38328069
38343559
38347419
38365799
38398559
38403079
38426299
38445939
38474709
38486289
38497789
38521439
38554789
38561919
38562729
38569879
38572829
38576519
38578819
38582529
38587099
38592809
38595239
38609249
38623799
38630079
38630099
38637599
38677929
38682709
38696419
38780629
38785089
38818719
38836399
38863479
38867419
38890639
38906629
38906689
38911649
38923549
38937019
38940629
38946969
38980469
38983379
38984249
38984749
38996789
39002669
39004639
39031689
39033949
39051909
39054929
39056019
39071259
39077209
39079699
39087149
39087949
39102649
39142009
39146149
39147439
39156179
39176949
39183899
39189959
39198709
39201349
39221209
39223559
39233329
39251039
39290019
39293219
39308179
39324379
39327269
39339349
39339569
39356549
39367689
39371209
39397449
39401599
39432239
39444179
39461109
39467879
39476989
39479099
39489329
39495569
39502729
39511859
39514469
39525189
39529349
39529929
39530689
39542719
39565449
39573709
39577259
39581399
39584849
39588549
39590049
39593949
39594369
39594439
39600789
39616029
39619499
39624389
39627929
39633719
39643439
39658779
39660229
39665219
39668829
39671089
39674739
39684869
39684909
39701559
39717499
39743269
39761399
39766439
39766999
39771179
39787249
39787259
39791439
39814659
39833839
39837409
39840189
39846929
39853039
39856789
39860809
39901659
39911829
39922009
39922059
39922549
39924889
39928339
39950229
39954959
39961459
39974969
39987169
39995609
40014619
40044489
40050009
40055129
40065299
40071979
40073269
40078309
40086399
40087109
40093679
40098009
40102789
40105269
40114669
40135469
40137449
40150649
40166319
40188189
40190309
40199459
40212069
40248809
40254759
40264139
40275579
40277569
40281829
40283659
40286099
40286919
40289719
40290719
40295189
40305149
40333519
40333799
40333899
40335319
40337569
40340729
40345999
40347699
40354499
40357389
40360439
40362319
40368089
40378399
40390819
40392109
40416739
40435109
40437099
40452139
40458539
40466249
40471449
40493759
40505189
40509719
40513789
40518459
40519459
40533969
40554999
40577959
40601349
40607019
40610589
40628859
40678859
40727859
40767019
40839339
40863409
40946059
40946099
40952199
40976749
40992109
40993469
40996679
40996909
41020589
41102419
41173289
41375179
41440899
41465189
41467579
41563609
41564059
41599289
41806949
41808079
41879069
42035889
42036549
42037789
42163319
42180009
42180209
42180489
42220619
42241689
42295119
42298039
42299159
42363499
42368819
42403839
42404209
42412649
42417909
42480489
42549929
42607489
42612099
42680409
42709159
42724329
42765659
42795899
42812639
42813999
42814749
42850959
42902199
42944169
42947089
42980949
43003309
43094399
43094629
43094899
43100479
43105239
43119309
43134729
43146499
43166339
43397199
43397369
43397769
43397899
43407019
43414949
43472429
43550939
43555529
43556119
43556509
43610879
43700499
46295008
46437858
46943338
48879688
48898168
50252208
53005678
53611938
53690148
55300448
56102018
56126238
57156078
